2017-05-07 20:30:11,423DATABASE:INFO:Load latest file from /Users/arturogonzalez/dev/quanteodstocks/data/us_market/master_data
2017-05-07 20:30:11,423DATABASE:INFO:The file to load: N/A
2017-05-07 20:30:11,424DATABASE:INFO:File empty or not exists
2017-05-07 20:31:22,012DATABASE:INFO:Load latest file from /Users/arturogonzalez/dev/quanteodstocks/data/us_market/master_data
2017-05-07 20:31:22,013DATABASE:INFO:The file to load: N/A
2017-05-07 20:31:22,013DATABASE:INFO:File empty or not exists
2017-05-07 20:32:49,740DATABASE:INFO:Load latest file from /Users/arturogonzalez/dev/quanteodstocks/data/us_market/master_data
2017-05-07 20:32:49,740DATABASE:INFO:The file to load: /Users/arturogonzalez/dev/quanteodstocks/data/us_market/master_data/EOD_20170506.csv
2017-05-07 20:32:49,740DATABASE:INFO:start loading
2017-05-07 20:32:50,162DATABASE:DEBUG:Loading Master Data to mysql and the estimated time is: 3.999999999892978e-06 seconds. Please wait . . .
2017-05-07 20:32:54,567DATABASE:DEBUG:Loading Master Data to mysql and the estimated time is: 6.000000000838668e-06 seconds. Please wait . . .
2017-05-07 20:32:58,819DATABASE:DEBUG:Loading Master Data to mysql and the estimated time is: 6.000000000838668e-06 seconds. Please wait . . .
2017-05-07 20:33:03,061DATABASE:DEBUG:Loading Master Data to mysql and the estimated time is: 4.000000000559112e-06 seconds. Please wait . . .
2017-05-07 20:33:07,251DATABASE:DEBUG:Loading Master Data to mysql and the estimated time is: 5.999999999062311e-06 seconds. Please wait . . .
2017-05-07 20:33:11,450DATABASE:DEBUG:Loading Master Data to mysql and the estimated time is: 5.000000001587068e-06 seconds. Please wait . . .
2017-05-07 20:33:15,621DATABASE:DEBUG:Loading Master Data to mysql and the estimated time is: 4.000000000559112e-06 seconds. Please wait . . .
2017-05-07 20:33:19,835DATABASE:DEBUG:Loading Master Data to mysql and the estimated time is: 7.000000000090267e-06 seconds. Please wait . . .
2017-05-07 20:33:24,028DATABASE:DEBUG:Loading Master Data to mysql and the estimated time is: 5.000000001587068e-06 seconds. Please wait . . .
2017-05-07 20:33:28,182DATABASE:DEBUG:Loading Master Data to mysql and the estimated time is: 5.999999999062311e-06 seconds. Please wait . . .
2017-05-07 20:33:32,319DATABASE:DEBUG:Loading Master Data to mysql and the estimated time is: 5.000000008692496e-06 seconds. Please wait . . .
2017-05-07 20:33:36,619DATABASE:DEBUG:Loading Master Data to mysql and the estimated time is: 3.999999997006398e-06 seconds. Please wait . . .
2017-05-07 20:33:40,782DATABASE:DEBUG:Loading Master Data to mysql and the estimated time is: 5.000000008692496e-06 seconds. Please wait . . .
2017-05-07 20:33:44,982DATABASE:DEBUG:Loading Master Data to mysql and the estimated time is: 5.000000001587068e-06 seconds. Please wait . . .
2017-05-07 20:33:49,196DATABASE:DEBUG:Loading Master Data to mysql and the estimated time is: 4.000000011217253e-06 seconds. Please wait . . .
2017-05-07 20:33:53,323DATABASE:DEBUG:Loading Master Data to mysql and the estimated time is: 4.0000000041118255e-06 seconds. Please wait . . .
2017-05-07 20:33:57,543DATABASE:DEBUG:Loading Master Data to mysql and the estimated time is: 5.000000001587068e-06 seconds. Please wait . . .
2017-05-07 20:34:01,671DATABASE:DEBUG:Loading Master Data to mysql and the estimated time is: 5.000000001587068e-06 seconds. Please wait . . .
2017-05-07 20:34:05,825DATABASE:DEBUG:Loading Master Data to mysql and the estimated time is: 5.000000001587068e-06 seconds. Please wait . . .
2017-05-07 20:34:09,990DATABASE:DEBUG:Loading Master Data to mysql and the estimated time is: 4.0000000041118255e-06 seconds. Please wait . . .
2017-05-07 20:34:14,120DATABASE:DEBUG:Loading Master Data to mysql and the estimated time is: 5.999999999062311e-06 seconds. Please wait . . .
2017-05-07 20:34:18,324DATABASE:DEBUG:Loading Master Data to mysql and the estimated time is: 1.3999999993075107e-05 seconds. Please wait . . .
2017-05-07 20:34:22,455DATABASE:DEBUG:Loading Master Data to mysql and the estimated time is: 5.000000001587068e-06 seconds. Please wait . . .
2017-05-07 20:34:26,640DATABASE:DEBUG:Loading Master Data to mysql and the estimated time is: 5.000000015797923e-06 seconds. Please wait . . .
2017-05-07 20:34:30,809DATABASE:DEBUG:Loading Master Data to mysql and the estimated time is: 5.000000001587068e-06 seconds. Please wait . . .
2017-05-07 20:34:34,940DATABASE:DEBUG:Loading Master Data to mysql and the estimated time is: 4.0000000041118255e-06 seconds. Please wait . . .
2017-05-07 20:34:39,152DATABASE:DEBUG:Loading Master Data to mysql and the estimated time is: 6.000000013273166e-06 seconds. Please wait . . .
2017-05-07 20:34:43,318DATABASE:DEBUG:Loading Master Data to mysql and the estimated time is: 5.999999999062311e-06 seconds. Please wait . . .
2017-05-07 20:34:47,527DATABASE:DEBUG:Loading Master Data to mysql and the estimated time is: 5.000000001587068e-06 seconds. Please wait . . .
2017-05-07 20:34:51,726DATABASE:DEBUG:Loading Master Data to mysql and the estimated time is: 4.0000000041118255e-06 seconds. Please wait . . .
2017-05-07 20:34:55,874DATABASE:DEBUG:Loading Master Data to mysql and the estimated time is: 5.000000001587068e-06 seconds. Please wait . . .
2017-05-07 20:35:00,106DATABASE:DEBUG:Loading Master Data to mysql and the estimated time is: 5.000000015797923e-06 seconds. Please wait . . .
2017-05-07 20:35:04,260DATABASE:DEBUG:Loading Master Data to mysql and the estimated time is: 6.999999982326699e-06 seconds. Please wait . . .
2017-05-07 20:35:08,462DATABASE:DEBUG:Loading Master Data to mysql and the estimated time is: 5.999999984851456e-06 seconds. Please wait . . .
2017-05-07 20:35:12,597DATABASE:DEBUG:Loading Master Data to mysql and the estimated time is: 7.000000010748408e-06 seconds. Please wait . . .
2017-05-07 20:35:16,738DATABASE:DEBUG:Loading Master Data to mysql and the estimated time is: 4.9999999873762135e-06 seconds. Please wait . . .
2017-05-07 20:35:20,955DATABASE:DEBUG:Loading Master Data to mysql and the estimated time is: 6.000000013273166e-06 seconds. Please wait . . .
2017-05-07 20:35:25,098DATABASE:DEBUG:Loading Master Data to mysql and the estimated time is: 6.000000013273166e-06 seconds. Please wait . . .
2017-05-07 20:35:29,313DATABASE:DEBUG:Loading Master Data to mysql and the estimated time is: 4.9999999873762135e-06 seconds. Please wait . . .
2017-05-07 20:35:33,492DATABASE:DEBUG:Loading Master Data to mysql and the estimated time is: 4.9999999873762135e-06 seconds. Please wait . . .
2017-05-07 20:35:37,629DATABASE:DEBUG:Loading Master Data to mysql and the estimated time is: 4.9999999873762135e-06 seconds. Please wait . . .
2017-05-07 20:35:41,881DATABASE:DEBUG:Loading Master Data to mysql and the estimated time is: 6.000000013273166e-06 seconds. Please wait . . .
2017-05-07 20:35:46,022DATABASE:DEBUG:Loading Master Data to mysql and the estimated time is: 4.9999999873762135e-06 seconds. Please wait . . .
2017-05-07 20:35:50,202DATABASE:DEBUG:Loading Master Data to mysql and the estimated time is: 3.999999989900971e-06 seconds. Please wait . . .
2017-05-07 20:35:54,398DATABASE:DEBUG:Loading Master Data to mysql and the estimated time is: 6.000000013273166e-06 seconds. Please wait . . .
2017-05-07 20:35:58,535DATABASE:DEBUG:Loading Master Data to mysql and the estimated time is: 3.999999989900971e-06 seconds. Please wait . . .
2017-05-07 20:36:02,752DATABASE:DEBUG:Loading Master Data to mysql and the estimated time is: 3.999999989900971e-06 seconds. Please wait . . .
2017-05-07 20:36:06,934DATABASE:DEBUG:Loading Master Data to mysql and the estimated time is: 5.999999984851456e-06 seconds. Please wait . . .
2017-05-07 20:36:11,098DATABASE:DEBUG:Loading Master Data to mysql and the estimated time is: 4.9999999873762135e-06 seconds. Please wait . . .
2017-05-07 20:36:15,290DATABASE:DEBUG:Loading Master Data to mysql and the estimated time is: 5.000000015797923e-06 seconds. Please wait . . .
2017-05-07 20:36:19,442DATABASE:DEBUG:Loading Master Data to mysql and the estimated time is: 4.00000004674439e-06 seconds. Please wait . . .
2017-05-07 20:36:23,618DATABASE:DEBUG:Loading Master Data to mysql and the estimated time is: 5.999999984851456e-06 seconds. Please wait . . .
2017-05-07 20:36:27,801DATABASE:DEBUG:Loading Master Data to mysql and the estimated time is: 5.000000015797923e-06 seconds. Please wait . . .
2017-05-07 20:36:32,000DATABASE:DEBUG:Loading Master Data to mysql and the estimated time is: 6.999999982326699e-06 seconds. Please wait . . .
2017-05-07 20:36:36,204DATABASE:DEBUG:Loading Master Data to mysql and the estimated time is: 6.000000013273166e-06 seconds. Please wait . . .
2017-05-07 20:36:40,379DATABASE:DEBUG:Loading Master Data to mysql and the estimated time is: 5.000000015797923e-06 seconds. Please wait . . .
2017-05-07 20:36:44,749DATABASE:DEBUG:Loading Master Data to mysql and the estimated time is: 4.9999999873762135e-06 seconds. Please wait . . .
2017-05-07 20:36:48,936DATABASE:DEBUG:Loading Master Data to mysql and the estimated time is: 4.00000001832268e-06 seconds. Please wait . . .
2017-05-07 20:36:53,071DATABASE:DEBUG:Loading Master Data to mysql and the estimated time is: 5.999999984851456e-06 seconds. Please wait . . .
2017-05-07 20:36:57,277DATABASE:DEBUG:Loading Master Data to mysql and the estimated time is: 5.999999984851456e-06 seconds. Please wait . . .
2017-05-07 20:37:01,462DATABASE:DEBUG:Loading Master Data to mysql and the estimated time is: 4.9999999873762135e-06 seconds. Please wait . . .
2017-05-07 20:37:05,677DATABASE:DEBUG:Loading Master Data to mysql and the estimated time is: 3.999999989900971e-06 seconds. Please wait . . .
2017-05-07 20:37:09,905DATABASE:DEBUG:Loading Master Data to mysql and the estimated time is: 6.999999982326699e-06 seconds. Please wait . . .
2017-05-07 20:37:14,069DATABASE:DEBUG:Loading Master Data to mysql and the estimated time is: 4.9999999873762135e-06 seconds. Please wait . . .
2017-05-07 20:37:18,356DATABASE:DEBUG:Loading Master Data to mysql and the estimated time is: 8.00000003664536e-06 seconds. Please wait . . .
2017-05-07 20:37:22,570DATABASE:DEBUG:Loading Master Data to mysql and the estimated time is: 6.000000041694875e-06 seconds. Please wait . . .
2017-05-07 20:37:26,817DATABASE:DEBUG:Loading Master Data to mysql and the estimated time is: 5.000000044219632e-06 seconds. Please wait . . .
2017-05-07 20:37:31,035DATABASE:DEBUG:Loading Master Data to mysql and the estimated time is: 5.000000044219632e-06 seconds. Please wait . . .
2017-05-07 20:37:35,231DATABASE:DEBUG:Loading Master Data to mysql and the estimated time is: 4.9999999873762135e-06 seconds. Please wait . . .
2017-05-07 20:37:39,542DATABASE:DEBUG:Loading Master Data to mysql and the estimated time is: 4.9999999873762135e-06 seconds. Please wait . . .
2017-05-07 20:37:43,746DATABASE:DEBUG:Loading Master Data to mysql and the estimated time is: 1.4000000021496817e-05 seconds. Please wait . . .
2017-05-07 20:37:48,009DATABASE:DEBUG:Loading Master Data to mysql and the estimated time is: 3.999999989900971e-06 seconds. Please wait . . .
2017-05-07 20:37:52,235DATABASE:DEBUG:Loading Master Data to mysql and the estimated time is: 4.9999999873762135e-06 seconds. Please wait . . .
2017-05-07 20:37:56,408DATABASE:DEBUG:Loading Master Data to mysql and the estimated time is: 4.9999999873762135e-06 seconds. Please wait . . .
2017-05-07 20:38:00,741DATABASE:DEBUG:Loading Master Data to mysql and the estimated time is: 4.9999999873762135e-06 seconds. Please wait . . .
2017-05-07 20:38:04,953DATABASE:DEBUG:Loading Master Data to mysql and the estimated time is: 5.000000044219632e-06 seconds. Please wait . . .
2017-05-07 20:38:09,170DATABASE:DEBUG:Loading Master Data to mysql and the estimated time is: 4.00000004674439e-06 seconds. Please wait . . .
2017-05-07 20:38:13,407DATABASE:DEBUG:Loading Master Data to mysql and the estimated time is: 4.9999999873762135e-06 seconds. Please wait . . .
2017-05-07 20:38:17,617DATABASE:DEBUG:Loading Master Data to mysql and the estimated time is: 7.999999979801942e-06 seconds. Please wait . . .
2017-05-07 20:38:21,793DATABASE:DEBUG:Loading Master Data to mysql and the estimated time is: 4.00000004674439e-06 seconds. Please wait . . .
2017-05-07 20:38:26,018DATABASE:DEBUG:Loading Master Data to mysql and the estimated time is: 3.999999989900971e-06 seconds. Please wait . . .
2017-05-07 20:38:30,314DATABASE:DEBUG:Loading Master Data to mysql and the estimated time is: 6.999999982326699e-06 seconds. Please wait . . .
2017-05-07 20:38:34,511DATABASE:DEBUG:Loading Master Data to mysql and the estimated time is: 4.9999999873762135e-06 seconds. Please wait . . .
2017-05-07 20:38:38,703DATABASE:DEBUG:Loading Master Data to mysql and the estimated time is: 3.999999989900971e-06 seconds. Please wait . . .
2017-05-07 20:38:43,016DATABASE:DEBUG:Loading Master Data to mysql and the estimated time is: 3.999999989900971e-06 seconds. Please wait . . .
2017-05-07 20:38:47,212DATABASE:DEBUG:Loading Master Data to mysql and the estimated time is: 5.999999984851456e-06 seconds. Please wait . . .
2017-05-07 20:38:51,420DATABASE:DEBUG:Loading Master Data to mysql and the estimated time is: 6.000000041694875e-06 seconds. Please wait . . .
2017-05-07 20:38:55,645DATABASE:DEBUG:Loading Master Data to mysql and the estimated time is: 7.000000039170118e-06 seconds. Please wait . . .
2017-05-07 20:38:59,875DATABASE:DEBUG:Loading Master Data to mysql and the estimated time is: 6.999999982326699e-06 seconds. Please wait . . .
2017-05-07 20:39:04,174DATABASE:DEBUG:Loading Master Data to mysql and the estimated time is: 5.999999984851456e-06 seconds. Please wait . . .
2017-05-07 20:39:08,437DATABASE:DEBUG:Loading Master Data to mysql and the estimated time is: 3.999999989900971e-06 seconds. Please wait . . .
2017-05-07 20:39:12,698DATABASE:DEBUG:Loading Master Data to mysql and the estimated time is: 5.999999984851456e-06 seconds. Please wait . . .
2017-05-07 20:39:16,915DATABASE:DEBUG:Loading Master Data to mysql and the estimated time is: 7.000000039170118e-06 seconds. Please wait . . .
2017-05-07 20:39:21,133DATABASE:DEBUG:Loading Master Data to mysql and the estimated time is: 5.999999984851456e-06 seconds. Please wait . . .
2017-05-07 20:39:25,380DATABASE:DEBUG:Loading Master Data to mysql and the estimated time is: 3.999999989900971e-06 seconds. Please wait . . .
2017-05-07 20:39:29,626DATABASE:DEBUG:Loading Master Data to mysql and the estimated time is: 5.999999984851456e-06 seconds. Please wait . . .
2017-05-07 20:39:33,918DATABASE:DEBUG:Loading Master Data to mysql and the estimated time is: 5.000000101063051e-06 seconds. Please wait . . .
2017-05-07 20:39:38,464DATABASE:DEBUG:Loading Master Data to mysql and the estimated time is: 4.9999999873762135e-06 seconds. Please wait . . .
2017-05-07 20:39:43,639DATABASE:DEBUG:Loading Master Data to mysql and the estimated time is: 6.999999982326699e-06 seconds. Please wait . . .
2017-05-07 20:39:48,348DATABASE:DEBUG:Loading Master Data to mysql and the estimated time is: 4.9999999873762135e-06 seconds. Please wait . . .
2017-05-07 20:39:52,636DATABASE:DEBUG:Loading Master Data to mysql and the estimated time is: 5.999999984851456e-06 seconds. Please wait . . .
2017-05-07 20:39:56,858DATABASE:DEBUG:Loading Master Data to mysql and the estimated time is: 6.000000041694875e-06 seconds. Please wait . . .
2017-05-07 20:40:01,074DATABASE:DEBUG:Loading Master Data to mysql and the estimated time is: 4.00000004674439e-06 seconds. Please wait . . .
2017-05-07 20:40:05,384DATABASE:DEBUG:Loading Master Data to mysql and the estimated time is: 5.999999984851456e-06 seconds. Please wait . . .
2017-05-07 20:40:09,554DATABASE:DEBUG:Loading Master Data to mysql and the estimated time is: 4.9999999873762135e-06 seconds. Please wait . . .
2017-05-07 20:40:13,750DATABASE:DEBUG:Loading Master Data to mysql and the estimated time is: 4.9999999873762135e-06 seconds. Please wait . . .
2017-05-07 20:40:17,932DATABASE:DEBUG:Loading Master Data to mysql and the estimated time is: 5.999999984851456e-06 seconds. Please wait . . .
2017-05-07 20:40:22,191DATABASE:DEBUG:Loading Master Data to mysql and the estimated time is: 4.9999999873762135e-06 seconds. Please wait . . .
2017-05-07 20:40:26,515DATABASE:DEBUG:Loading Master Data to mysql and the estimated time is: 6.999999982326699e-06 seconds. Please wait . . .
2017-05-07 20:40:30,743DATABASE:DEBUG:Loading Master Data to mysql and the estimated time is: 3.999999989900971e-06 seconds. Please wait . . .
2017-05-07 20:40:35,006DATABASE:DEBUG:Loading Master Data to mysql and the estimated time is: 6.000000041694875e-06 seconds. Please wait . . .
2017-05-07 20:40:39,251DATABASE:DEBUG:Loading Master Data to mysql and the estimated time is: 4.9999999873762135e-06 seconds. Please wait . . .
2017-05-07 20:40:43,467DATABASE:DEBUG:Loading Master Data to mysql and the estimated time is: 4.00000004674439e-06 seconds. Please wait . . .
2017-05-07 20:40:47,673DATABASE:DEBUG:Loading Master Data to mysql and the estimated time is: 4.9999999873762135e-06 seconds. Please wait . . .
2017-05-07 20:40:51,847DATABASE:DEBUG:Loading Master Data to mysql and the estimated time is: 3.999999989900971e-06 seconds. Please wait . . .
2017-05-07 20:40:56,106DATABASE:DEBUG:Loading Master Data to mysql and the estimated time is: 4.9999999873762135e-06 seconds. Please wait . . .
2017-05-07 20:41:00,359DATABASE:DEBUG:Loading Master Data to mysql and the estimated time is: 3.999999989900971e-06 seconds. Please wait . . .
2017-05-07 20:41:04,565DATABASE:DEBUG:Loading Master Data to mysql and the estimated time is: 6.000000041694875e-06 seconds. Please wait . . .
2017-05-07 20:41:08,838DATABASE:DEBUG:Loading Master Data to mysql and the estimated time is: 4.9999999873762135e-06 seconds. Please wait . . .
2017-05-07 20:41:13,090DATABASE:DEBUG:Loading Master Data to mysql and the estimated time is: 3.999999989900971e-06 seconds. Please wait . . .
2017-05-07 20:41:17,312DATABASE:DEBUG:Loading Master Data to mysql and the estimated time is: 5.000000044219632e-06 seconds. Please wait . . .
2017-05-07 20:41:21,545DATABASE:DEBUG:Loading Master Data to mysql and the estimated time is: 3.999999989900971e-06 seconds. Please wait . . .
2017-05-07 20:41:25,795DATABASE:DEBUG:Loading Master Data to mysql and the estimated time is: 3.999999989900971e-06 seconds. Please wait . . .
2017-05-07 20:41:30,091DATABASE:DEBUG:Loading Master Data to mysql and the estimated time is: 5.999999984851456e-06 seconds. Please wait . . .
2017-05-07 20:41:34,285DATABASE:DEBUG:Loading Master Data to mysql and the estimated time is: 5.000000101063051e-06 seconds. Please wait . . .
2017-05-07 20:41:38,609DATABASE:DEBUG:Loading Master Data to mysql and the estimated time is: 4.9999999873762135e-06 seconds. Please wait . . .
2017-05-07 20:41:42,845DATABASE:DEBUG:Loading Master Data to mysql and the estimated time is: 4.9999999873762135e-06 seconds. Please wait . . .
2017-05-07 20:41:47,017DATABASE:DEBUG:Loading Master Data to mysql and the estimated time is: 4.9999999873762135e-06 seconds. Please wait . . .
2017-05-07 20:41:51,228DATABASE:DEBUG:Loading Master Data to mysql and the estimated time is: 4.9999999873762135e-06 seconds. Please wait . . .
2017-05-07 20:41:55,430DATABASE:DEBUG:Loading Master Data to mysql and the estimated time is: 1.3999999964653398e-05 seconds. Please wait . . .
2017-05-07 20:41:59,734DATABASE:DEBUG:Loading Master Data to mysql and the estimated time is: 3.999999989900971e-06 seconds. Please wait . . .
2017-05-07 20:42:03,955DATABASE:DEBUG:Loading Master Data to mysql and the estimated time is: 3.999999989900971e-06 seconds. Please wait . . .
2017-05-07 20:42:08,155DATABASE:DEBUG:Loading Master Data to mysql and the estimated time is: 6.999999982326699e-06 seconds. Please wait . . .
2017-05-07 20:42:12,429DATABASE:DEBUG:Loading Master Data to mysql and the estimated time is: 3.999999989900971e-06 seconds. Please wait . . .
2017-05-07 20:42:18,875DATABASE:DEBUG:Loading Master Data to mysql and the estimated time is: 9.000000090964022e-06 seconds. Please wait . . .
2017-05-07 20:42:23,467DATABASE:DEBUG:Loading Master Data to mysql and the estimated time is: 4.9999999873762135e-06 seconds. Please wait . . .
2017-05-07 20:42:28,303DATABASE:DEBUG:Loading Master Data to mysql and the estimated time is: 6.000000098538294e-06 seconds. Please wait . . .
2017-05-07 20:42:33,021DATABASE:DEBUG:Loading Master Data to mysql and the estimated time is: 5.999999984851456e-06 seconds. Please wait . . .
2017-05-07 20:42:37,355DATABASE:DEBUG:Loading Master Data to mysql and the estimated time is: 5.999999984851456e-06 seconds. Please wait . . .
2017-05-07 20:42:41,635DATABASE:DEBUG:Loading Master Data to mysql and the estimated time is: 3.999999989900971e-06 seconds. Please wait . . .
2017-05-07 20:42:46,359DATABASE:DEBUG:Loading Master Data to mysql and the estimated time is: 5.999999984851456e-06 seconds. Please wait . . .
2017-05-07 20:42:50,962DATABASE:DEBUG:Loading Master Data to mysql and the estimated time is: 5.999999984851456e-06 seconds. Please wait . . .
2017-05-07 20:42:55,334DATABASE:DEBUG:Loading Master Data to mysql and the estimated time is: 4.9999999873762135e-06 seconds. Please wait . . .
2017-05-07 20:42:59,819DATABASE:DEBUG:Loading Master Data to mysql and the estimated time is: 3.999999989900971e-06 seconds. Please wait . . .
2017-05-07 20:43:04,803DATABASE:DEBUG:Loading Master Data to mysql and the estimated time is: 6.999999982326699e-06 seconds. Please wait . . .
2017-05-07 20:43:09,942DATABASE:DEBUG:Loading Master Data to mysql and the estimated time is: 3.999999989900971e-06 seconds. Please wait . . .
2017-05-07 20:43:14,979DATABASE:DEBUG:Loading Master Data to mysql and the estimated time is: 5.000000101063051e-06 seconds. Please wait . . .
2017-05-07 20:43:19,768DATABASE:DEBUG:Loading Master Data to mysql and the estimated time is: 4.9999999873762135e-06 seconds. Please wait . . .
2017-05-07 20:43:24,969DATABASE:DEBUG:Loading Master Data to mysql and the estimated time is: 5.999999984851456e-06 seconds. Please wait . . .
2017-05-07 20:43:30,042DATABASE:DEBUG:Loading Master Data to mysql and the estimated time is: 5.999999984851456e-06 seconds. Please wait . . .
2017-05-07 20:43:35,149DATABASE:DEBUG:Loading Master Data to mysql and the estimated time is: 3.999999989900971e-06 seconds. Please wait . . .
2017-05-07 20:43:39,439DATABASE:DEBUG:Loading Master Data to mysql and the estimated time is: 4.9999999873762135e-06 seconds. Please wait . . .
2017-05-07 20:43:43,673DATABASE:DEBUG:Loading Master Data to mysql and the estimated time is: 5.999999984851456e-06 seconds. Please wait . . .
2017-05-07 20:43:47,970DATABASE:DEBUG:Loading Master Data to mysql and the estimated time is: 3.999999989900971e-06 seconds. Please wait . . .
2017-05-07 20:43:52,197DATABASE:DEBUG:Loading Master Data to mysql and the estimated time is: 4.9999999873762135e-06 seconds. Please wait . . .
2017-05-07 20:43:56,441DATABASE:DEBUG:Loading Master Data to mysql and the estimated time is: 4.0000001035878086e-06 seconds. Please wait . . .
2017-05-07 20:44:00,694DATABASE:DEBUG:Loading Master Data to mysql and the estimated time is: 6.999999982326699e-06 seconds. Please wait . . .
2017-05-07 20:44:04,988DATABASE:DEBUG:Loading Master Data to mysql and the estimated time is: 2.999999992425728e-06 seconds. Please wait . . .
2017-05-07 20:44:09,219DATABASE:DEBUG:Loading Master Data to mysql and the estimated time is: 6.999999982326699e-06 seconds. Please wait . . .
2017-05-07 20:44:13,474DATABASE:DEBUG:Loading Master Data to mysql and the estimated time is: 4.9999999873762135e-06 seconds. Please wait . . .
2017-05-07 20:44:17,746DATABASE:DEBUG:Loading Master Data to mysql and the estimated time is: 5.999999984851456e-06 seconds. Please wait . . .
2017-05-07 20:44:22,063DATABASE:DEBUG:Loading Master Data to mysql and the estimated time is: 4.9999999873762135e-06 seconds. Please wait . . .
2017-05-07 20:44:26,395DATABASE:DEBUG:Loading Master Data to mysql and the estimated time is: 6.999999982326699e-06 seconds. Please wait . . .
2017-05-07 20:44:30,633DATABASE:DEBUG:Loading Master Data to mysql and the estimated time is: 4.9999999873762135e-06 seconds. Please wait . . .
2017-05-07 20:44:34,905DATABASE:DEBUG:Loading Master Data to mysql and the estimated time is: 6.999999982326699e-06 seconds. Please wait . . .
2017-05-07 20:44:40,091DATABASE:DEBUG:Loading Master Data to mysql and the estimated time is: 4.9999999873762135e-06 seconds. Please wait . . .
2017-05-07 20:44:44,724DATABASE:DEBUG:Loading Master Data to mysql and the estimated time is: 5.999999984851456e-06 seconds. Please wait . . .
2017-05-07 20:44:49,445DATABASE:DEBUG:Loading Master Data to mysql and the estimated time is: 4.9999999873762135e-06 seconds. Please wait . . .
2017-05-07 20:44:53,962DATABASE:DEBUG:Loading Master Data to mysql and the estimated time is: 5.999999984851456e-06 seconds. Please wait . . .
2017-05-07 20:44:58,668DATABASE:DEBUG:Loading Master Data to mysql and the estimated time is: 6.999999982326699e-06 seconds. Please wait . . .
2017-05-07 20:45:03,315DATABASE:DEBUG:Loading Master Data to mysql and the estimated time is: 4.9999999873762135e-06 seconds. Please wait . . .
2017-05-07 20:45:07,823DATABASE:DEBUG:Loading Master Data to mysql and the estimated time is: 7.999999979801942e-06 seconds. Please wait . . .
2017-05-07 20:45:12,691DATABASE:DEBUG:Loading Master Data to mysql and the estimated time is: 3.999999989900971e-06 seconds. Please wait . . .
2017-05-07 20:45:17,346DATABASE:DEBUG:Loading Master Data to mysql and the estimated time is: 5.999999984851456e-06 seconds. Please wait . . .
2017-05-07 20:45:22,159DATABASE:DEBUG:Loading Master Data to mysql and the estimated time is: 6.999999982326699e-06 seconds. Please wait . . .
2017-05-07 20:45:26,497DATABASE:DEBUG:Loading Master Data to mysql and the estimated time is: 4.9999999873762135e-06 seconds. Please wait . . .
2017-05-07 20:45:31,275DATABASE:DEBUG:Loading Master Data to mysql and the estimated time is: 5.999999984851456e-06 seconds. Please wait . . .
2017-05-07 20:45:35,523DATABASE:DEBUG:Loading Master Data to mysql and the estimated time is: 1.3000000080864993e-05 seconds. Please wait . . .
2017-05-07 20:45:39,821DATABASE:DEBUG:Loading Master Data to mysql and the estimated time is: 4.9999999873762135e-06 seconds. Please wait . . .
2017-05-07 20:45:44,029DATABASE:DEBUG:Loading Master Data to mysql and the estimated time is: 3.999999989900971e-06 seconds. Please wait . . .
2017-05-07 20:45:48,265DATABASE:DEBUG:Loading Master Data to mysql and the estimated time is: 4.9999999873762135e-06 seconds. Please wait . . .
2017-05-07 20:45:52,541DATABASE:DEBUG:Loading Master Data to mysql and the estimated time is: 3.999999989900971e-06 seconds. Please wait . . .
2017-05-07 20:45:56,760DATABASE:DEBUG:Loading Master Data to mysql and the estimated time is: 5.999999984851456e-06 seconds. Please wait . . .
2017-05-07 20:46:01,018DATABASE:DEBUG:Loading Master Data to mysql and the estimated time is: 5.999999984851456e-06 seconds. Please wait . . .
2017-05-07 20:46:05,261DATABASE:DEBUG:Loading Master Data to mysql and the estimated time is: 4.9999999873762135e-06 seconds. Please wait . . .
2017-05-07 20:46:09,500DATABASE:DEBUG:Loading Master Data to mysql and the estimated time is: 6.999999982326699e-06 seconds. Please wait . . .
2017-05-07 20:46:13,706DATABASE:DEBUG:Loading Master Data to mysql and the estimated time is: 4.9999999873762135e-06 seconds. Please wait . . .
2017-05-07 20:46:17,942DATABASE:DEBUG:Loading Master Data to mysql and the estimated time is: 4.0000001035878086e-06 seconds. Please wait . . .
2017-05-07 20:46:23,085DATABASE:DEBUG:Loading Master Data to mysql and the estimated time is: 4.9999999873762135e-06 seconds. Please wait . . .
2017-05-07 20:46:27,452DATABASE:DEBUG:Loading Master Data to mysql and the estimated time is: 3.999999989900971e-06 seconds. Please wait . . .
2017-05-07 20:46:32,407DATABASE:DEBUG:Loading Master Data to mysql and the estimated time is: 3.999999989900971e-06 seconds. Please wait . . .
2017-05-07 20:46:37,060DATABASE:DEBUG:Loading Master Data to mysql and the estimated time is: 5.999999984851456e-06 seconds. Please wait . . .
2017-05-07 20:46:41,525DATABASE:DEBUG:Loading Master Data to mysql and the estimated time is: 5.999999984851456e-06 seconds. Please wait . . .
2017-05-07 20:46:45,923DATABASE:DEBUG:Loading Master Data to mysql and the estimated time is: 6.999999982326699e-06 seconds. Please wait . . .
2017-05-07 20:46:50,141DATABASE:DEBUG:Loading Master Data to mysql and the estimated time is: 4.9999999873762135e-06 seconds. Please wait . . .
2017-05-07 20:46:54,398DATABASE:DEBUG:Loading Master Data to mysql and the estimated time is: 4.0000001035878086e-06 seconds. Please wait . . .
2017-05-07 20:46:58,647DATABASE:DEBUG:Loading Master Data to mysql and the estimated time is: 4.9999999873762135e-06 seconds. Please wait . . .
2017-05-07 20:47:02,848DATABASE:DEBUG:Loading Master Data to mysql and the estimated time is: 3.999999989900971e-06 seconds. Please wait . . .
2017-05-07 20:47:07,134DATABASE:DEBUG:Loading Master Data to mysql and the estimated time is: 4.9999999873762135e-06 seconds. Please wait . . .
2017-05-07 20:47:11,333DATABASE:DEBUG:Loading Master Data to mysql and the estimated time is: 4.9999999873762135e-06 seconds. Please wait . . .
2017-05-07 20:47:15,595DATABASE:DEBUG:Loading Master Data to mysql and the estimated time is: 5.000000101063051e-06 seconds. Please wait . . .
2017-05-07 20:47:19,793DATABASE:DEBUG:Loading Master Data to mysql and the estimated time is: 4.9999999873762135e-06 seconds. Please wait . . .
2017-05-07 20:47:24,052DATABASE:DEBUG:Loading Master Data to mysql and the estimated time is: 3.999999989900971e-06 seconds. Please wait . . .
2017-05-07 20:47:28,242DATABASE:DEBUG:Loading Master Data to mysql and the estimated time is: 5.999999984851456e-06 seconds. Please wait . . .
2017-05-07 20:47:32,463DATABASE:DEBUG:Loading Master Data to mysql and the estimated time is: 5.000000101063051e-06 seconds. Please wait . . .
2017-05-07 20:47:36,729DATABASE:DEBUG:Loading Master Data to mysql and the estimated time is: 5.999999984851456e-06 seconds. Please wait . . .
2017-05-07 20:47:40,984DATABASE:DEBUG:Loading Master Data to mysql and the estimated time is: 5.999999984851456e-06 seconds. Please wait . . .
2017-05-07 20:47:45,200DATABASE:DEBUG:Loading Master Data to mysql and the estimated time is: 3.999999989900971e-06 seconds. Please wait . . .
2017-05-07 20:47:49,471DATABASE:DEBUG:Loading Master Data to mysql and the estimated time is: 4.9999999873762135e-06 seconds. Please wait . . .
2017-05-07 20:47:53,699DATABASE:DEBUG:Loading Master Data to mysql and the estimated time is: 4.9999999873762135e-06 seconds. Please wait . . .
2017-05-07 20:47:57,945DATABASE:DEBUG:Loading Master Data to mysql and the estimated time is: 5.999999984851456e-06 seconds. Please wait . . .
2017-05-07 20:48:02,189DATABASE:DEBUG:Loading Master Data to mysql and the estimated time is: 4.9999999873762135e-06 seconds. Please wait . . .
2017-05-07 20:48:06,419DATABASE:DEBUG:Loading Master Data to mysql and the estimated time is: 4.9999999873762135e-06 seconds. Please wait . . .
2017-05-07 20:48:10,678DATABASE:DEBUG:Loading Master Data to mysql and the estimated time is: 3.999999989900971e-06 seconds. Please wait . . .
2017-05-07 20:48:14,911DATABASE:DEBUG:Loading Master Data to mysql and the estimated time is: 6.000000098538294e-06 seconds. Please wait . . .
2017-05-07 20:48:19,159DATABASE:DEBUG:Loading Master Data to mysql and the estimated time is: 3.999999989900971e-06 seconds. Please wait . . .
2017-05-07 20:48:23,377DATABASE:DEBUG:Loading Master Data to mysql and the estimated time is: 3.999999989900971e-06 seconds. Please wait . . .
2017-05-07 20:48:27,621DATABASE:DEBUG:Loading Master Data to mysql and the estimated time is: 4.0000001035878086e-06 seconds. Please wait . . .
2017-05-07 20:48:31,887DATABASE:DEBUG:Loading Master Data to mysql and the estimated time is: 5.000000101063051e-06 seconds. Please wait . . .
2017-05-07 20:48:36,143DATABASE:DEBUG:Loading Master Data to mysql and the estimated time is: 4.9999999873762135e-06 seconds. Please wait . . .
2017-05-07 20:48:40,447DATABASE:DEBUG:Loading Master Data to mysql and the estimated time is: 4.9999999873762135e-06 seconds. Please wait . . .
2017-05-07 20:48:44,690DATABASE:DEBUG:Loading Master Data to mysql and the estimated time is: 5.999999984851456e-06 seconds. Please wait . . .
2017-05-07 20:48:48,919DATABASE:DEBUG:Loading Master Data to mysql and the estimated time is: 4.0000001035878086e-06 seconds. Please wait . . .
2017-05-07 20:48:53,187DATABASE:DEBUG:Loading Master Data to mysql and the estimated time is: 4.9999999873762135e-06 seconds. Please wait . . .
2017-05-07 20:48:57,423DATABASE:DEBUG:Loading Master Data to mysql and the estimated time is: 5.999999984851456e-06 seconds. Please wait . . .
2017-05-07 20:49:01,696DATABASE:DEBUG:Loading Master Data to mysql and the estimated time is: 7.999999979801942e-06 seconds. Please wait . . .
2017-05-07 20:49:05,981DATABASE:DEBUG:Loading Master Data to mysql and the estimated time is: 5.999999984851456e-06 seconds. Please wait . . .
2017-05-07 20:49:10,199DATABASE:DEBUG:Loading Master Data to mysql and the estimated time is: 5.999999984851456e-06 seconds. Please wait . . .
2017-05-07 20:49:14,463DATABASE:DEBUG:Loading Master Data to mysql and the estimated time is: 5.999999984851456e-06 seconds. Please wait . . .
2017-05-07 20:49:18,665DATABASE:DEBUG:Loading Master Data to mysql and the estimated time is: 3.999999989900971e-06 seconds. Please wait . . .
2017-05-07 20:49:22,956DATABASE:DEBUG:Loading Master Data to mysql and the estimated time is: 3.999999989900971e-06 seconds. Please wait . . .
2017-05-07 20:49:27,181DATABASE:DEBUG:Loading Master Data to mysql and the estimated time is: 5.999999984851456e-06 seconds. Please wait . . .
2017-05-07 20:49:31,397DATABASE:DEBUG:Loading Master Data to mysql and the estimated time is: 3.999999989900971e-06 seconds. Please wait . . .
2017-05-07 20:49:35,686DATABASE:DEBUG:Loading Master Data to mysql and the estimated time is: 4.9999999873762135e-06 seconds. Please wait . . .
2017-05-07 20:49:39,887DATABASE:DEBUG:Loading Master Data to mysql and the estimated time is: 6.999999982326699e-06 seconds. Please wait . . .
2017-05-07 20:49:44,154DATABASE:DEBUG:Loading Master Data to mysql and the estimated time is: 4.9999999873762135e-06 seconds. Please wait . . .
2017-05-07 20:49:48,369DATABASE:DEBUG:Loading Master Data to mysql and the estimated time is: 4.9999999873762135e-06 seconds. Please wait . . .
2017-05-07 20:49:52,583DATABASE:DEBUG:Loading Master Data to mysql and the estimated time is: 4.9999999873762135e-06 seconds. Please wait . . .
2017-05-07 20:49:56,828DATABASE:DEBUG:Loading Master Data to mysql and the estimated time is: 6.999999982326699e-06 seconds. Please wait . . .
2017-05-07 20:50:01,022DATABASE:DEBUG:Loading Master Data to mysql and the estimated time is: 5.999999984851456e-06 seconds. Please wait . . .
2017-05-07 20:50:05,264DATABASE:DEBUG:Loading Master Data to mysql and the estimated time is: 4.9999999873762135e-06 seconds. Please wait . . .
2017-05-07 20:50:09,554DATABASE:DEBUG:Loading Master Data to mysql and the estimated time is: 3.999999989900971e-06 seconds. Please wait . . .
2017-05-07 20:50:13,776DATABASE:DEBUG:Loading Master Data to mysql and the estimated time is: 6.999999982326699e-06 seconds. Please wait . . .
2017-05-07 20:50:18,016DATABASE:DEBUG:Loading Master Data to mysql and the estimated time is: 5.000000101063051e-06 seconds. Please wait . . .
2017-05-07 20:50:22,238DATABASE:DEBUG:Loading Master Data to mysql and the estimated time is: 3.999999989900971e-06 seconds. Please wait . . .
2017-05-07 20:50:26,531DATABASE:DEBUG:Loading Master Data to mysql and the estimated time is: 3.999999989900971e-06 seconds. Please wait . . .
2017-05-07 20:50:30,737DATABASE:DEBUG:Loading Master Data to mysql and the estimated time is: 3.999999989900971e-06 seconds. Please wait . . .
2017-05-07 20:50:34,965DATABASE:DEBUG:Loading Master Data to mysql and the estimated time is: 5.999999984851456e-06 seconds. Please wait . . .
2017-05-07 20:50:39,236DATABASE:DEBUG:Loading Master Data to mysql and the estimated time is: 5.000000101063051e-06 seconds. Please wait . . .
2017-05-07 20:50:43,461DATABASE:DEBUG:Loading Master Data to mysql and the estimated time is: 5.000000101063051e-06 seconds. Please wait . . .
2017-05-07 20:50:47,693DATABASE:DEBUG:Loading Master Data to mysql and the estimated time is: 5.999999984851456e-06 seconds. Please wait . . .
2017-05-07 20:50:52,006DATABASE:DEBUG:Loading Master Data to mysql and the estimated time is: 4.999999873689376e-06 seconds. Please wait . . .
2017-05-07 20:50:56,219DATABASE:DEBUG:Loading Master Data to mysql and the estimated time is: 4.999999873689376e-06 seconds. Please wait . . .
2017-05-07 20:51:00,914DATABASE:DEBUG:Loading Master Data to mysql and the estimated time is: 4.999999873689376e-06 seconds. Please wait . . .
2017-05-07 20:51:05,270DATABASE:DEBUG:Loading Master Data to mysql and the estimated time is: 5.999999984851456e-06 seconds. Please wait . . .
2017-05-07 20:51:10,351DATABASE:DEBUG:Loading Master Data to mysql and the estimated time is: 3.999999989900971e-06 seconds. Please wait . . .
2017-05-07 20:51:14,877DATABASE:DEBUG:Loading Master Data to mysql and the estimated time is: 1.0000000202126103e-05 seconds. Please wait . . .
2017-05-07 20:51:19,589DATABASE:DEBUG:Loading Master Data to mysql and the estimated time is: 6.999999868639861e-06 seconds. Please wait . . .
2017-05-07 20:51:24,291DATABASE:DEBUG:Loading Master Data to mysql and the estimated time is: 5.999999984851456e-06 seconds. Please wait . . .
2017-05-07 20:51:28,880DATABASE:DEBUG:Loading Master Data to mysql and the estimated time is: 4.999999873689376e-06 seconds. Please wait . . .
2017-05-07 20:51:34,227DATABASE:DEBUG:Loading Master Data to mysql and the estimated time is: 4.000000217274646e-06 seconds. Please wait . . .
2017-05-07 20:51:38,961DATABASE:DEBUG:Loading Master Data to mysql and the estimated time is: 5.000000101063051e-06 seconds. Please wait . . .
2017-05-07 20:51:43,992DATABASE:DEBUG:Loading Master Data to mysql and the estimated time is: 4.999999873689376e-06 seconds. Please wait . . .
2017-05-07 20:51:48,815DATABASE:DEBUG:Loading Master Data to mysql and the estimated time is: 1.5999999959603883e-05 seconds. Please wait . . .
2017-05-07 20:51:53,506DATABASE:DEBUG:Loading Master Data to mysql and the estimated time is: 1.3000000080864993e-05 seconds. Please wait . . .
2017-05-07 20:51:58,218DATABASE:DEBUG:Loading Master Data to mysql and the estimated time is: 4.000000217274646e-06 seconds. Please wait . . .
2017-05-07 20:52:02,897DATABASE:DEBUG:Loading Master Data to mysql and the estimated time is: 3.999999989900971e-06 seconds. Please wait . . .
2017-05-07 20:52:07,631DATABASE:DEBUG:Loading Master Data to mysql and the estimated time is: 5.000000101063051e-06 seconds. Please wait . . .
2017-05-07 20:52:12,600DATABASE:DEBUG:Loading Master Data to mysql and the estimated time is: 3.999999762527295e-06 seconds. Please wait . . .
2017-05-07 20:52:17,065DATABASE:DEBUG:Loading Master Data to mysql and the estimated time is: 5.000000101063051e-06 seconds. Please wait . . .
2017-05-07 20:52:21,322DATABASE:DEBUG:Loading Master Data to mysql and the estimated time is: 4.999999873689376e-06 seconds. Please wait . . .
2017-05-07 20:52:25,633DATABASE:DEBUG:Loading Master Data to mysql and the estimated time is: 5.000000101063051e-06 seconds. Please wait . . .
2017-05-07 20:52:30,213DATABASE:DEBUG:Loading Master Data to mysql and the estimated time is: 3.999999989900971e-06 seconds. Please wait . . .
2017-05-07 20:52:34,726DATABASE:DEBUG:Loading Master Data to mysql and the estimated time is: 6.000000212225132e-06 seconds. Please wait . . .
2017-05-07 20:52:39,142DATABASE:DEBUG:Loading Master Data to mysql and the estimated time is: 4.000000217274646e-06 seconds. Please wait . . .
2017-05-07 20:52:43,469DATABASE:DEBUG:Loading Master Data to mysql and the estimated time is: 5.999999984851456e-06 seconds. Please wait . . .
2017-05-07 20:52:47,780DATABASE:DEBUG:Loading Master Data to mysql and the estimated time is: 3.999999989900971e-06 seconds. Please wait . . .
2017-05-07 20:52:52,019DATABASE:DEBUG:Loading Master Data to mysql and the estimated time is: 7.000000096013537e-06 seconds. Please wait . . .
2017-05-07 20:52:56,302DATABASE:DEBUG:Loading Master Data to mysql and the estimated time is: 3.999999989900971e-06 seconds. Please wait . . .
2017-05-07 20:53:00,531DATABASE:DEBUG:Loading Master Data to mysql and the estimated time is: 4.999999873689376e-06 seconds. Please wait . . .
2017-05-07 20:53:04,749DATABASE:DEBUG:Loading Master Data to mysql and the estimated time is: 3.999999989900971e-06 seconds. Please wait . . .
2017-05-07 20:53:08,965DATABASE:DEBUG:Loading Master Data to mysql and the estimated time is: 5.999999984851456e-06 seconds. Please wait . . .
2017-05-07 20:53:13,168DATABASE:DEBUG:Loading Master Data to mysql and the estimated time is: 3.999999989900971e-06 seconds. Please wait . . .
2017-05-07 20:53:17,414DATABASE:DEBUG:Loading Master Data to mysql and the estimated time is: 3.999999989900971e-06 seconds. Please wait . . .
2017-05-07 20:53:21,317DATABASE:DEBUG:Loading Master Data to mysql and the estimated time is: 5.000000101063051e-06 seconds. Please wait . . .
2017-05-07 20:53:21,592DATABASE:INFO:Finished loading
